0 info it worked if it ends with ok
1 verbose cli [ '/usr/local/bin/node', '/usr/local/bin/npm', 'run', 'test' ]
2 info using npm@3.10.10
3 info using node@v6.11.0
4 verbose run-script [ 'pretest', 'test', 'posttest' ]
5 info lifecycle marquee@1.0.0~pretest: marquee@1.0.0
6 silly lifecycle marquee@1.0.0~pretest: no script for pretest, continuing
7 info lifecycle marquee@1.0.0~test: marquee@1.0.0
8 verbose lifecycle marquee@1.0.0~test: unsafe-perm in lifecycle true
9 verbose lifecycle marquee@1.0.0~test: PATH: /usr/local/lib/node_modules/npm/bin/node-gyp-bin:/Users/t_funato/git/github.com/ytfunato/marquee/node_modules/.bin:/Users/t_funato/.rbenv/shims:/usr/local/Cellar/git/2.17.1/bin:/usr/local/bin:/usr/bin:/bin:/usr/sbin:/sbin:/usr/local/share/dotnet:/usr/local/go/bin:/Library/Frameworks/Mono.framework/Versions/Current/Commands:/Users/t_funato/.ndenv/shims:/Users/t_funato/.rbenv/shims:/usr/local/Cellar/git/2.17.1/bin:/Users/t_funato/.ndenv/bin:/Users/t_funato/bin:/usr/local/sbin:/Users/t_funato/.composer/vendor/bin:/Users/t_funato/.rbenv/bin:/Users/t_funato/app/apache-maven-3.3.9/bin:/Users/t_funato/.go/bin:/Users/t_funato/.ndenv/bin:/Users/t_funato/bin:/usr/local/bin:/usr/local/sbin:/Users/t_funato/.composer/vendor/bin:/Users/t_funato/.rbenv/bin:/Users/t_funato/app/apache-maven-3.3.9/bin:/Users/t_funato/.go/bin
10 verbose lifecycle marquee@1.0.0~test: CWD: /Users/t_funato/git/github.com/ytfunato/marquee
11 silly lifecycle marquee@1.0.0~test: Args: [ '-c', 'jest' ]
12 silly lifecycle marquee@1.0.0~test: Returned: code: 1  signal: null
13 info lifecycle marquee@1.0.0~test: Failed to exec test script
14 verbose stack Error: marquee@1.0.0 test: `jest`
14 verbose stack Exit status 1
14 verbose stack     at EventEmitter.<anonymous> (/usr/local/lib/node_modules/npm/lib/utils/lifecycle.js:255:16)
14 verbose stack     at emitTwo (events.js:106:13)
14 verbose stack     at EventEmitter.emit (events.js:191:7)
14 verbose stack     at ChildProcess.<anonymous> (/usr/local/lib/node_modules/npm/lib/utils/spawn.js:40:14)
14 verbose stack     at emitTwo (events.js:106:13)
14 verbose stack     at ChildProcess.emit (events.js:191:7)
14 verbose stack     at maybeClose (internal/child_process.js:891:16)
14 verbose stack     at Process.ChildProcess._handle.onexit (internal/child_process.js:226:5)
15 verbose pkgid marquee@1.0.0
16 verbose cwd /Users/t_funato/git/github.com/ytfunato/marquee
17 error Darwin 15.6.0
18 error argv "/usr/local/bin/node" "/usr/local/bin/npm" "run" "test"
19 error node v6.11.0
20 error npm  v3.10.10
21 error code ELIFECYCLE
22 error marquee@1.0.0 test: `jest`
22 error Exit status 1
23 error Failed at the marquee@1.0.0 test script 'jest'.
23 error Make sure you have the latest version of node.js and npm installed.
23 error If you do, this is most likely a problem with the marquee package,
23 error not with npm itself.
23 error Tell the author that this fails on your system:
23 error     jest
23 error You can get information on how to open an issue for this project with:
23 error     npm bugs marquee
23 error Or if that isn't available, you can get their info via:
23 error     npm owner ls marquee
23 error There is likely additional logging output above.
24 verbose exit [ 1, true ]
